# JRE version: OpenJDK Runtime Environment Corretto-19.0.2.7.1 (19.0.2+7) (build 19.0.2+7-FR)
# Java VM: OpenJDK 64-Bit Server VM Corretto-19.0.2.7.1 (19.0.2+7-FR, mixed mode, sharing, tiered, compressed oops, compressed class ptrs, g1 gc, windows-amd64)
GC Precious Log:
 CardTable entry size: 512
 Card Set container configuration: InlinePtr #cards 5 size 8 Array Of Cards #cards 12 size 40 Howl #buckets 4 coarsen threshold 1843 Howl Bitmap #cards 512 size 80 coarsen threshold 460 Card regions per heap region 1 cards per card region 2048
 CPUs: 4 total, 4 available
 Memory: 8090M
 Large Page Support: Disabled
 NUMA Support: Disabled
 Compressed Oops: Enabled (32-bit)
 Heap Region Size: 1M
 Heap Min Capacity: 8M
 Heap Initial Capacity: 128M
 Heap Max Capacity: 2024M
 Pre-touch: Disabled
 Parallel Workers: 4
 Concurrent Workers: 1
 Concurrent Refinement Workers: 4
 Periodic GC: Disabled
Heap:
 garbage-first heap   total 132096K, used 40558K [0x0000000081800000, 0x0000000100000000)
  region size 1024K, 4 young (4096K), 4 survivors (4096K)
 Metaspace       used 50435K, committed 51264K, reserved 1114112K
  class space    used 6109K, committed 6528K, reserved 1048576K
GC Heap History (20 events):
Event: 2.402 GC heap after
{Heap after GC invocations=3 (full 0):
 garbage-first heap   total 131072K, used 11768K [0x0000000081800000, 0x0000000100000000)
  region size 1024K, 6 young (6144K), 6 survivors (6144K)
 Metaspace       used 21281K, committed 21504K, reserved 1114112K
  class space    used 2706K, committed 2816K, reserved 1048576K
}
Event: 2.826 GC heap before
{Heap before GC invocations=4 (full 0):
 garbage-first heap   total 48128K, used 36344K [0x0000000081800000, 0x0000000100000000)
  region size 1024K, 28 young (28672K), 6 survivors (6144K)
 Metaspace       used 22778K, committed 22976K, reserved 1114112K
  class space    used 3053K, committed 3136K, reserved 1048576K
}
Event: 2.850 GC heap after
{Heap after GC invocations=5 (full 0):
 garbage-first heap   total 49152K, used 18981K [0x0000000081800000, 0x0000000100000000)
  region size 1024K, 4 young (4096K), 4 survivors (4096K)
 Metaspace       used 22778K, committed 22976K, reserved 1114112K
  class space    used 3053K, committed 3136K, reserved 1048576K
}
Event: 2.879 GC heap before
{Heap before GC invocations=5 (full 0):
 garbage-first heap   total 49152K, used 20005K [0x0000000081800000, 0x0000000100000000)
  region size 1024K, 5 young (5120K), 4 survivors (4096K)
 Metaspace       used 23070K, committed 23296K, reserved 1114112K
  class space    used 3093K, committed 3200K, reserved 1048576K
}
Event: 2.887 GC heap after
{Heap after GC invocations=6 (full 0):
 garbage-first heap   total 49152K, used 20186K [0x0000000081800000, 0x0000000100000000)
  region size 1024K, 1 young (1024K), 1 survivors (1024K)
 Metaspace       used 23070K, committed 23296K, reserved 1114112K
  class space    used 3093K, committed 3200K, reserved 1048576K
}
Event: 3.215 GC heap before
{Heap before GC invocations=6 (full 0):
 garbage-first heap   total 49152K, used 34522K [0x0000000081800000, 0x0000000100000000)
  region size 1024K, 16 young (16384K), 1 survivors (1024K)
 Metaspace       used 26391K, committed 26560K, reserved 1114112K
  class space    used 3437K, committed 3520K, reserved 1048576K
}
Event: 3.218 GC heap after
{Heap after GC invocations=7 (full 0):
 garbage-first heap   total 49152K, used 18979K [0x0000000081800000, 0x0000000100000000)
  region size 1024K, 2 young (2048K), 2 survivors (2048K)
 Metaspace       used 26391K, committed 26560K, reserved 1114112K
  class space    used 3437K, committed 3520K, reserved 1048576K
}
Event: 3.597 GC heap before
{Heap before GC invocations=7 (full 0):
 garbage-first heap   total 49152K, used 34339K [0x0000000081800000, 0x0000000100000000)
  region size 1024K, 18 young (18432K), 2 survivors (2048K)
 Metaspace       used 29622K, committed 29824K, reserved 1114112K
  class space    used 3747K, committed 3840K, reserved 1048576K
}
Event: 3.601 GC heap after
{Heap after GC invocations=8 (full 0):
 garbage-first heap   total 49152K, used 21011K [0x0000000081800000, 0x0000000100000000)
  region size 1024K, 2 young (2048K), 2 survivors (2048K)
 Metaspace       used 29622K, committed 29824K, reserved 1114112K
  class space    used 3747K, committed 3840K, reserved 1048576K
}
Event: 3.888 GC heap before
{Heap before GC invocations=8 (full 0):
 garbage-first heap   total 49152K, used 36371K [0x0000000081800000, 0x0000000100000000)
  region size 1024K, 17 young (17408K), 2 survivors (2048K)
 Metaspace       used 32715K, committed 33152K, reserved 1114112K
  class space    used 4024K, committed 4224K, reserved 1048576K
}
Event: 3.893 GC heap after
{Heap after GC invocations=9 (full 0):
 garbage-first heap   total 87040K, used 22431K [0x0000000081800000, 0x0000000100000000)
  region size 1024K, 2 young (2048K), 2 survivors (2048K)
 Metaspace       used 32715K, committed 33152K, reserved 1114112K
  class space    used 4024K, committed 4224K, reserved 1048576K
}
Event: 4.220 GC heap before
{Heap before GC invocations=9 (full 0):
 garbage-first heap   total 87040K, used 40863K [0x0000000081800000, 0x0000000100000000)
  region size 1024K, 21 young (21504K), 2 survivors (2048K)
 Metaspace       used 35378K, committed 36096K, reserved 1114112K
  class space    used 4397K, committed 4800K, reserved 1048576K
}
Event: 4.228 GC heap after
{Heap after GC invocations=10 (full 0):
 garbage-first heap   total 87040K, used 23675K [0x0000000081800000, 0x0000000100000000)
  region size 1024K, 3 young (3072K), 3 survivors (3072K)
 Metaspace       used 35378K, committed 36096K, reserved 1114112K
  class space    used 4397K, committed 4800K, reserved 1048576K
}
Event: 5.207 GC heap before
{Heap before GC invocations=11 (full 0):
 garbage-first heap   total 87040K, used 69755K [0x0000000081800000, 0x0000000100000000)
  region size 1024K, 45 young (46080K), 3 survivors (3072K)
 Metaspace       used 42374K, committed 43136K, reserved 1114112K
  class space    used 5175K, committed 5568K, reserved 1048576K
}
Event: 5.224 GC heap after
{Heap after GC invocations=12 (full 0):
 garbage-first heap   total 87040K, used 32742K [0x0000000081800000, 0x0000000100000000)
  region size 1024K, 6 young (6144K), 6 survivors (6144K)
 Metaspace       used 42374K, committed 43136K, reserved 1114112K
  class space    used 5175K, committed 5568K, reserved 1048576K
}
Event: 5.232 GC heap before
{Heap before GC invocations=12 (full 0):
 garbage-first heap   total 87040K, used 33766K [0x0000000081800000, 0x0000000100000000)
  region size 1024K, 7 young (7168K), 6 survivors (6144K)
 Metaspace       used 42376K, committed 43136K, reserved 1114112K
  class space    used 5175K, committed 5568K, reserved 1048576K
}
Event: 5.242 GC heap after
{Heap after GC invocations=13 (full 0):
 garbage-first heap   total 87040K, used 33396K [0x0000000081800000, 0x0000000100000000)
  region size 1024K, 1 young (1024K), 1 survivors (1024K)
 Metaspace       used 42376K, committed 43136K, reserved 1114112K
  class space    used 5175K, committed 5568K, reserved 1048576K
}
Event: 5.625 GC heap before
{Heap before GC invocations=13 (full 0):
 garbage-first heap   total 87040K, used 65140K [0x0000000081800000, 0x0000000100000000)
  region size 1024K, 33 young (33792K), 1 survivors (1024K)
 Metaspace       used 44225K, committed 44992K, reserved 1114112K
  class space    used 5394K, committed 5760K, reserved 1048576K
}
Event: 5.635 GC heap after
{Heap after GC invocations=14 (full 0):
 garbage-first heap   total 87040K, used 36880K [0x0000000081800000, 0x0000000100000000)
  region size 1024K, 5 young (5120K), 5 survivors (5120K)
 Metaspace       used 44225K, committed 44992K, reserved 1114112K
  class space    used 5394K, committed 5760K, reserved 1048576K
}
Event: 6.599 GC heap before
{Heap before GC invocations=14 (full 0):
 garbage-first heap   total 87040K, used 66576K [0x0000000081800000, 0x0000000100000000)
  region size 1024K, 34 young (34816K), 5 survivors (5120K)
 Metaspace       used 50435K, committed 51264K, reserved 1114112K
  class space    used 6109K, committed 6528K, reserved 1048576K
}

